<?xml version="1.0" encoding="UTF-8"?>
<robot generator="Robot 5.0.1 (Python 3.8.10 on win32)" generated="20220624 11:36:35.506" rpa="false" schemaversion="3">
<suite id="s1" name="CreatePostTest" source="C:\Users\S.M.Mohaimanul Islam\PycharmProjects\DevCreator\Tests\CreatePostTest.robot">
<test id="s1-t1" name="Create Post Working Properly" line="7">
<kw name="open my browser" library="LoginPage">
<kw name="Open Browser" library="SeleniumLibrary">
<arg>${SiteUrl}</arg>
<arg>${Browser}</arg>
<doc>Opens a new browser instance to the optional ``url``.</doc>
<msg timestamp="20220624 11:36:35.850" level="INFO">Opening browser 'chrome' to base url 'https://dev.creator.app/'.</msg>
<status status="PASS" starttime="20220624 11:36:35.850" endtime="20220624 11:36:43.359"/>
</kw>
<kw name="Maximize Browser Window" library="SeleniumLibrary">
<doc>Maximizes current browser window.</doc>
<status status="PASS" starttime="20220624 11:36:43.359" endtime="20220624 11:36:43.507"/>
</kw>
<status status="PASS" starttime="20220624 11:36:35.850" endtime="20220624 11:36:43.508"/>
</kw>
<kw name="click signIn" library="LoginPage">
<kw name="Sleep" library="BuiltIn">
<arg>2</arg>
<doc>Pauses the test executed for the given time.</doc>
<msg timestamp="20220624 11:36:45.516" level="INFO">Slept 2 seconds</msg>
<status status="PASS" starttime="20220624 11:36:43.509" endtime="20220624 11:36:45.516"/>
</kw>
<kw name="Click Element" library="SeleniumLibrary">
<arg>${LOGIN_BTN}</arg>
<doc>Click the element identified by ``locator``.</doc>
<msg timestamp="20220624 11:36:45.517" level="INFO">Clicking element '//p[contains(text(),'Log in')]'.</msg>
<status status="PASS" starttime="20220624 11:36:45.516" endtime="20220624 11:36:45.638"/>
</kw>
<kw name="Sleep" library="BuiltIn">
<arg>2</arg>
<doc>Pauses the test executed for the given time.</doc>
<msg timestamp="20220624 11:36:47.649" level="INFO">Slept 2 seconds</msg>
<status status="PASS" starttime="20220624 11:36:45.638" endtime="20220624 11:36:47.650"/>
</kw>
<kw name="Input Text" library="SeleniumLibrary">
<arg>${SET_EMAIL}</arg>
<arg>${user}</arg>
<doc>Types the given ``text`` into the text field identified by ``locator``.</doc>
<msg timestamp="20220624 11:36:47.655" level="INFO">Typing text 'test@gmail.com' into text field '(//input[@type='email'])[1]'.</msg>
<status status="PASS" starttime="20220624 11:36:47.651" endtime="20220624 11:36:47.861"/>
</kw>
<kw name="Input Password" library="SeleniumLibrary">
<arg>${SET_PASS}</arg>
<arg>${passFormLocator}</arg>
<doc>Types the given password into the text field identified by ``locator``.</doc>
<msg timestamp="20220624 11:36:47.863" level="INFO">Typing password into text field '(//input[@type='password'])[1]'.</msg>
<msg timestamp="20220624 11:36:47.915" level="INFO">Temporally setting log level to: NONE</msg>
<msg timestamp="20220624 11:36:48.024" level="INFO">Log level changed from NONE to INFO.</msg>
<status status="PASS" starttime="20220624 11:36:47.862" endtime="20220624 11:36:48.025"/>
</kw>
<kw name="Click Element" library="SeleniumLibrary">
<arg>${CLICK_SIGNIN_BTN}</arg>
<doc>Click the element identified by ``locator``.</doc>
<msg timestamp="20220624 11:36:48.026" level="INFO">Clicking element '//button[contains(text(),'Log in')]'.</msg>
<status status="PASS" starttime="20220624 11:36:48.025" endtime="20220624 11:36:48.092"/>
</kw>
<kw name="Sleep" library="BuiltIn">
<arg>5</arg>
<doc>Pauses the test executed for the given time.</doc>
<msg timestamp="20220624 11:36:53.093" level="INFO">Slept 5 seconds</msg>
<status status="PASS" starttime="20220624 11:36:48.092" endtime="20220624 11:36:53.094"/>
</kw>
<status status="PASS" starttime="20220624 11:36:43.508" endtime="20220624 11:36:53.095"/>
</kw>
<kw name="created post" library="CreatePostPage">
<kw name="Sleep" library="BuiltIn">
<arg>2</arg>
<doc>Pauses the test executed for the given time.</doc>
<msg timestamp="20220624 11:36:55.113" level="INFO">Slept 2 seconds</msg>
<status status="PASS" starttime="20220624 11:36:53.102" endtime="20220624 11:36:55.113"/>
</kw>
<kw name="Click Element" library="SeleniumLibrary">
<arg>${CLICK_ON_PROFILE_ICON}</arg>
<doc>Click the element identified by ``locator``.</doc>
<msg timestamp="20220624 11:36:55.115" level="INFO">Clicking element '//img[@class='h-9 w-9 rounded-full']'.</msg>
<status status="PASS" starttime="20220624 11:36:55.114" endtime="20220624 11:36:55.209"/>
</kw>
<kw name="Sleep" library="BuiltIn">
<arg>5</arg>
<doc>Pauses the test executed for the given time.</doc>
<msg timestamp="20220624 11:37:00.224" level="INFO">Slept 5 seconds</msg>
<status status="PASS" starttime="20220624 11:36:55.209" endtime="20220624 11:37:00.224"/>
</kw>
<kw name="Execute Javascript" library="SeleniumLibrary">
<arg>window.scrollTo(0, 300)</arg>
<doc>Executes the given JavaScript code with possible arguments.</doc>
<msg timestamp="20220624 11:37:00.224" level="INFO">Executing JavaScript:
window.scrollTo(0, 300)
Without any arguments.</msg>
<status status="PASS" starttime="20220624 11:37:00.224" endtime="20220624 11:37:00.231"/>
</kw>
<kw name="Sleep" library="BuiltIn">
<arg>2</arg>
<doc>Pauses the test executed for the given time.</doc>
<msg timestamp="20220624 11:37:02.243" level="INFO">Slept 2 seconds</msg>
<status status="PASS" starttime="20220624 11:37:00.231" endtime="20220624 11:37:02.243"/>
</kw>
<kw name="Scroll Element Into View" library="SeleniumLibrary">
<arg>${ADD_NEW_DEFAULT_COLLECTION}</arg>
<doc>Scrolls the element identified by ``locator`` into view.</doc>
<status status="PASS" starttime="20220624 11:37:02.243" endtime="20220624 11:37:02.546"/>
</kw>
<kw name="Click Element" library="SeleniumLibrary">
<arg>${ADD_NEW_DEFAULT_COLLECTION}</arg>
<doc>Click the element identified by ``locator``.</doc>
<msg timestamp="20220624 11:37:02.546" level="INFO">Clicking element '(//div[@class='flex h-44 w-full cursor-pointer items-center justify-center rounded-2xl border'])[1]'.</msg>
<status status="PASS" starttime="20220624 11:37:02.546" endtime="20220624 11:37:02.668"/>
</kw>
<kw name="Sleep" library="BuiltIn">
<arg>2</arg>
<doc>Pauses the test executed for the given time.</doc>
<msg timestamp="20220624 11:37:04.672" level="INFO">Slept 2 seconds</msg>
<status status="PASS" starttime="20220624 11:37:02.668" endtime="20220624 11:37:04.672"/>
</kw>
<kw name="Input Text" library="SeleniumLibrary">
<arg>${ADD_YOUR_LINK_URL_TEXT_FIELD}</arg>
<arg>https://twitter.com/motivational/status/1539087090868158466?s=20&amp;t=dCaN3FyFc7xjxhhlIk46yw</arg>
<doc>Types the given ``text`` into the text field identified by ``locator``.</doc>
<msg timestamp="20220624 11:37:04.672" level="INFO">Typing text 'https://twitter.com/motivational/status/1539087090868158466?s=20&amp;t=dCaN3FyFc7xjxhhlIk46yw' into text field '(//INPUT[@class='MuiOutlinedInput-input MuiInputBase-input css-1x5jdmq'])'.</msg>
<status status="PASS" starttime="20220624 11:37:04.672" endtime="20220624 11:37:05.230"/>
</kw>
<kw name="Sleep" library="BuiltIn">
<arg>3</arg>
<doc>Pauses the test executed for the given time.</doc>
<msg timestamp="20220624 11:37:08.236" level="INFO">Slept 3 seconds</msg>
<status status="PASS" starttime="20220624 11:37:05.230" endtime="20220624 11:37:08.236"/>
</kw>
<kw name="Click Button" library="SeleniumLibrary">
<arg>${ADD_YOUR_LINK_SEARCH_BTN}</arg>
<doc>Clicks the button identified by ``locator``.</doc>
<msg timestamp="20220624 11:37:08.236" level="INFO">Clicking button '//button[contains(text(),'Search')]'.</msg>
<status status="PASS" starttime="20220624 11:37:08.236" endtime="20220624 11:37:08.378"/>
</kw>
<kw name="Sleep" library="BuiltIn">
<arg>2</arg>
<doc>Pauses the test executed for the given time.</doc>
<msg timestamp="20220624 11:37:10.392" level="INFO">Slept 2 seconds</msg>
<status status="PASS" starttime="20220624 11:37:08.378" endtime="20220624 11:37:10.392"/>
</kw>
<kw name="Click Element" library="SeleniumLibrary">
<arg>${ADD_NEW_POST}</arg>
<doc>Click the element identified by ``locator``.</doc>
<msg timestamp="20220624 11:37:10.393" level="INFO">Clicking element '//button[contains(text(),'Add Post')]'.</msg>
<status status="PASS" starttime="20220624 11:37:10.392" endtime="20220624 11:37:10.455"/>
</kw>
<kw name="Sleep" library="BuiltIn">
<arg>3</arg>
<doc>Pauses the test executed for the given time.</doc>
<msg timestamp="20220624 11:37:13.466" level="INFO">Slept 3 seconds</msg>
<status status="PASS" starttime="20220624 11:37:10.455" endtime="20220624 11:37:13.466"/>
</kw>
<kw name="Execute Javascript" library="SeleniumLibrary">
<arg>history.back()</arg>
<doc>Executes the given JavaScript code with possible arguments.</doc>
<msg timestamp="20220624 11:37:13.468" level="INFO">Executing JavaScript:
history.back()
Without any arguments.</msg>
<status status="PASS" starttime="20220624 11:37:13.466" endtime="20220624 11:37:13.553"/>
</kw>
<kw name="Sleep" library="BuiltIn">
<arg>2</arg>
<doc>Pauses the test executed for the given time.</doc>
<msg timestamp="20220624 11:37:15.568" level="INFO">Slept 2 seconds</msg>
<status status="PASS" starttime="20220624 11:37:13.554" endtime="20220624 11:37:15.568"/>
</kw>
<kw name="Click Element" library="SeleniumLibrary">
<arg>${CLICK_ON_PROFILE_ICON}</arg>
<doc>Click the element identified by ``locator``.</doc>
<msg timestamp="20220624 11:37:15.569" level="INFO">Clicking element '//img[@class='h-9 w-9 rounded-full']'.</msg>
<status status="PASS" starttime="20220624 11:37:15.568" endtime="20220624 11:37:15.630"/>
</kw>
<kw name="Sleep" library="BuiltIn">
<arg>5</arg>
<doc>Pauses the test executed for the given time.</doc>
<msg timestamp="20220624 11:37:20.644" level="INFO">Slept 5 seconds</msg>
<status status="PASS" starttime="20220624 11:37:15.630" endtime="20220624 11:37:20.644"/>
</kw>
<kw name="Execute Javascript" library="SeleniumLibrary">
<arg>window.scrollTo(0, 300)</arg>
<doc>Executes the given JavaScript code with possible arguments.</doc>
<msg timestamp="20220624 11:37:20.646" level="INFO">Executing JavaScript:
window.scrollTo(0, 300)
Without any arguments.</msg>
<status status="PASS" starttime="20220624 11:37:20.645" endtime="20220624 11:37:20.655"/>
</kw>
<kw name="Sleep" library="BuiltIn">
<arg>2</arg>
<doc>Pauses the test executed for the given time.</doc>
<msg timestamp="20220624 11:37:22.663" level="INFO">Slept 2 seconds</msg>
<status status="PASS" starttime="20220624 11:37:20.655" endtime="20220624 11:37:22.663"/>
</kw>
<kw name="Scroll Element Into View" library="SeleniumLibrary">
<arg>${ADD_NEW_DEFAULT_COLLECTION}</arg>
<doc>Scrolls the element identified by ``locator`` into view.</doc>
<status status="PASS" starttime="20220624 11:37:22.663" endtime="20220624 11:37:22.942"/>
</kw>
<kw name="Click Element" library="SeleniumLibrary">
<arg>${ADD_NEW_DEFAULT_COLLECTION}</arg>
<doc>Click the element identified by ``locator``.</doc>
<msg timestamp="20220624 11:37:22.942" level="INFO">Clicking element '(//div[@class='flex h-44 w-full cursor-pointer items-center justify-center rounded-2xl border'])[1]'.</msg>
<status status="PASS" starttime="20220624 11:37:22.942" endtime="20220624 11:37:23.073"/>
</kw>
<kw name="Sleep" library="BuiltIn">
<arg>3</arg>
<doc>Pauses the test executed for the given time.</doc>
<msg timestamp="20220624 11:37:26.085" level="INFO">Slept 3 seconds</msg>
<status status="PASS" starttime="20220624 11:37:23.073" endtime="20220624 11:37:26.085"/>
</kw>
<kw name="Input Text" library="SeleniumLibrary">
<arg>${ADD_YOUR_LINK_URL_TEXT_FIELD}</arg>
<arg>https://drive.google.com/file/d/1Lbh7CRsFGBBK00hfkcNveKt6ZHjRb9DA/view</arg>
<doc>Types the given ``text`` into the text field identified by ``locator``.</doc>
<msg timestamp="20220624 11:37:26.085" level="INFO">Typing text 'https://drive.google.com/file/d/1Lbh7CRsFGBBK00hfkcNveKt6ZHjRb9DA/view' into text field '(//INPUT[@class='MuiOutlinedInput-input MuiInputBase-input css-1x5jdmq'])'.</msg>
<status status="PASS" starttime="20220624 11:37:26.085" endtime="20220624 11:37:26.545"/>
</kw>
<kw name="Sleep" library="BuiltIn">
<arg>2</arg>
<doc>Pauses the test executed for the given time.</doc>
<msg timestamp="20220624 11:37:28.552" level="INFO">Slept 2 seconds</msg>
<status status="PASS" starttime="20220624 11:37:26.545" endtime="20220624 11:37:28.552"/>
</kw>
<kw name="Click Button" library="SeleniumLibrary">
<arg>${ADD_YOUR_LINK_SEARCH_BTN}</arg>
<doc>Clicks the button identified by ``locator``.</doc>
<msg timestamp="20220624 11:37:28.552" level="INFO">Clicking button '//button[contains(text(),'Search')]'.</msg>
<status status="PASS" starttime="20220624 11:37:28.552" endtime="20220624 11:37:28.645"/>
</kw>
<kw name="Sleep" library="BuiltIn">
<arg>2</arg>
<doc>Pauses the test executed for the given time.</doc>
<msg timestamp="20220624 11:37:30.660" level="INFO">Slept 2 seconds</msg>
<status status="PASS" starttime="20220624 11:37:28.646" endtime="20220624 11:37:30.660"/>
</kw>
<kw name="Click Element" library="SeleniumLibrary">
<arg>${ADD_NEW_POST}</arg>
<doc>Click the element identified by ``locator``.</doc>
<msg timestamp="20220624 11:37:30.660" level="INFO">Clicking element '//button[contains(text(),'Add Post')]'.</msg>
<status status="PASS" starttime="20220624 11:37:30.660" endtime="20220624 11:37:30.713"/>
</kw>
<kw name="Sleep" library="BuiltIn">
<arg>3</arg>
<doc>Pauses the test executed for the given time.</doc>
<msg timestamp="20220624 11:37:33.723" level="INFO">Slept 3 seconds</msg>
<status status="PASS" starttime="20220624 11:37:30.713" endtime="20220624 11:37:33.723"/>
</kw>
<kw name="Execute Javascript" library="SeleniumLibrary">
<arg>history.back()</arg>
<doc>Executes the given JavaScript code with possible arguments.</doc>
<msg timestamp="20220624 11:37:33.723" level="INFO">Executing JavaScript:
history.back()
Without any arguments.</msg>
<status status="PASS" starttime="20220624 11:37:33.723" endtime="20220624 11:37:33.787"/>
</kw>
<kw name="Sleep" library="BuiltIn">
<arg>2</arg>
<doc>Pauses the test executed for the given time.</doc>
<msg timestamp="20220624 11:37:35.797" level="INFO">Slept 2 seconds</msg>
<status status="PASS" starttime="20220624 11:37:33.788" endtime="20220624 11:37:35.797"/>
</kw>
<kw name="Click Element" library="SeleniumLibrary">
<arg>${CLICK_ON_PROFILE_ICON}</arg>
<doc>Click the element identified by ``locator``.</doc>
<msg timestamp="20220624 11:37:35.797" level="INFO">Clicking element '//img[@class='h-9 w-9 rounded-full']'.</msg>
<status status="PASS" starttime="20220624 11:37:35.797" endtime="20220624 11:37:35.868"/>
</kw>
<kw name="Sleep" library="BuiltIn">
<arg>5</arg>
<doc>Pauses the test executed for the given time.</doc>
<msg timestamp="20220624 11:37:40.876" level="INFO">Slept 5 seconds</msg>
<status status="PASS" starttime="20220624 11:37:35.868" endtime="20220624 11:37:40.876"/>
</kw>
<kw name="Execute Javascript" library="SeleniumLibrary">
<arg>window.scrollTo(0, 300)</arg>
<doc>Executes the given JavaScript code with possible arguments.</doc>
<msg timestamp="20220624 11:37:40.876" level="INFO">Executing JavaScript:
window.scrollTo(0, 300)
Without any arguments.</msg>
<status status="PASS" starttime="20220624 11:37:40.876" endtime="20220624 11:37:40.887"/>
</kw>
<kw name="Sleep" library="BuiltIn">
<arg>2</arg>
<doc>Pauses the test executed for the given time.</doc>
<msg timestamp="20220624 11:37:42.896" level="INFO">Slept 2 seconds</msg>
<status status="PASS" starttime="20220624 11:37:40.887" endtime="20220624 11:37:42.896"/>
</kw>
<kw name="Scroll Element Into View" library="SeleniumLibrary">
<arg>${ADD_NEW_DEFAULT_COLLECTION}</arg>
<doc>Scrolls the element identified by ``locator`` into view.</doc>
<status status="PASS" starttime="20220624 11:37:42.896" endtime="20220624 11:37:43.191"/>
</kw>
<kw name="Click Element" library="SeleniumLibrary">
<arg>${ADD_NEW_DEFAULT_COLLECTION}</arg>
<doc>Click the element identified by ``locator``.</doc>
<msg timestamp="20220624 11:37:43.191" level="INFO">Clicking element '(//div[@class='flex h-44 w-full cursor-pointer items-center justify-center rounded-2xl border'])[1]'.</msg>
<status status="PASS" starttime="20220624 11:37:43.191" endtime="20220624 11:37:43.299"/>
</kw>
<kw name="Sleep" library="BuiltIn">
<arg>2</arg>
<doc>Pauses the test executed for the given time.</doc>
<msg timestamp="20220624 11:37:45.316" level="INFO">Slept 2 seconds</msg>
<status status="PASS" starttime="20220624 11:37:43.300" endtime="20220624 11:37:45.316"/>
</kw>
<kw name="Input Text" library="SeleniumLibrary">
<arg>${ADD_YOUR_LINK_URL_TEXT_FIELD}</arg>
<arg>https://www.instagram.com/p/BYZoH81HgtV/</arg>
<doc>Types the given ``text`` into the text field identified by ``locator``.</doc>
<msg timestamp="20220624 11:37:45.316" level="INFO">Typing text 'https://www.instagram.com/p/BYZoH81HgtV/' into text field '(//INPUT[@class='MuiOutlinedInput-input MuiInputBase-input css-1x5jdmq'])'.</msg>
<status status="PASS" starttime="20220624 11:37:45.316" endtime="20220624 11:37:45.609"/>
</kw>
<kw name="Sleep" library="BuiltIn">
<arg>3</arg>
<doc>Pauses the test executed for the given time.</doc>
<msg timestamp="20220624 11:37:48.619" level="INFO">Slept 3 seconds</msg>
<status status="PASS" starttime="20220624 11:37:45.609" endtime="20220624 11:37:48.619"/>
</kw>
<kw name="Click Button" library="SeleniumLibrary">
<arg>${ADD_YOUR_LINK_SEARCH_BTN}</arg>
<doc>Clicks the button identified by ``locator``.</doc>
<msg timestamp="20220624 11:37:48.619" level="INFO">Clicking button '//button[contains(text(),'Search')]'.</msg>
<status status="PASS" starttime="20220624 11:37:48.619" endtime="20220624 11:37:48.725"/>
</kw>
<kw name="Sleep" library="BuiltIn">
<arg>3</arg>
<doc>Pauses the test executed for the given time.</doc>
<msg timestamp="20220624 11:37:51.736" level="INFO">Slept 3 seconds</msg>
<status status="PASS" starttime="20220624 11:37:48.725" endtime="20220624 11:37:51.736"/>
</kw>
<kw name="Click Element" library="SeleniumLibrary">
<arg>${ADD_NEW_POST}</arg>
<doc>Click the element identified by ``locator``.</doc>
<msg timestamp="20220624 11:37:51.736" level="INFO">Clicking element '//button[contains(text(),'Add Post')]'.</msg>
<status status="PASS" starttime="20220624 11:37:51.736" endtime="20220624 11:37:51.787"/>
</kw>
<kw name="Sleep" library="BuiltIn">
<arg>3</arg>
<doc>Pauses the test executed for the given time.</doc>
<msg timestamp="20220624 11:37:54.794" level="INFO">Slept 3 seconds</msg>
<status status="PASS" starttime="20220624 11:37:51.787" endtime="20220624 11:37:54.794"/>
</kw>
<kw name="Execute Javascript" library="SeleniumLibrary">
<arg>history.back()</arg>
<doc>Executes the given JavaScript code with possible arguments.</doc>
<msg timestamp="20220624 11:37:54.794" level="INFO">Executing JavaScript:
history.back()
Without any arguments.</msg>
<status status="PASS" starttime="20220624 11:37:54.794" endtime="20220624 11:37:54.861"/>
</kw>
<status status="PASS" starttime="20220624 11:36:53.099" endtime="20220624 11:37:54.862"/>
</kw>
<kw name="click on the post ellipsis button" library="CreatePostPage">
<kw name="Sleep" library="BuiltIn">
<arg>2</arg>
<doc>Pauses the test executed for the given time.</doc>
<msg timestamp="20220624 11:37:56.868" level="INFO">Slept 2 seconds</msg>
<status status="PASS" starttime="20220624 11:37:54.864" endtime="20220624 11:37:56.868"/>
</kw>
<kw name="Click Element" library="SeleniumLibrary">
<arg>${CLICK_ON_PROFILE_ICON}</arg>
<doc>Click the element identified by ``locator``.</doc>
<msg timestamp="20220624 11:37:56.868" level="INFO">Clicking element '//img[@class='h-9 w-9 rounded-full']'.</msg>
<status status="PASS" starttime="20220624 11:37:56.868" endtime="20220624 11:37:56.924"/>
</kw>
<kw name="Sleep" library="BuiltIn">
<arg>5</arg>
<doc>Pauses the test executed for the given time.</doc>
<msg timestamp="20220624 11:38:01.928" level="INFO">Slept 5 seconds</msg>
<status status="PASS" starttime="20220624 11:37:56.924" endtime="20220624 11:38:01.928"/>
</kw>
<kw name="Click Element" library="SeleniumLibrary">
<arg>${CLICK_ON_EXPEND}</arg>
<doc>Click the element identified by ``locator``.</doc>
<msg timestamp="20220624 11:38:01.928" level="INFO">Clicking element '//span[contains(text(),' Expand ')]'.</msg>
<status status="PASS" starttime="20220624 11:38:01.928" endtime="20220624 11:38:02.116"/>
</kw>
<kw name="Execute Javascript" library="SeleniumLibrary">
<arg>window.scrollTo(0, 900)</arg>
<doc>Executes the given JavaScript code with possible arguments.</doc>
<msg timestamp="20220624 11:38:02.117" level="INFO">Executing JavaScript:
window.scrollTo(0, 900)
Without any arguments.</msg>
<status status="PASS" starttime="20220624 11:38:02.116" endtime="20220624 11:38:02.126"/>
</kw>
<kw name="Sleep" library="BuiltIn">
<arg>3</arg>
<doc>Pauses the test executed for the given time.</doc>
<msg timestamp="20220624 11:38:05.140" level="INFO">Slept 3 seconds</msg>
<status status="PASS" starttime="20220624 11:38:02.126" endtime="20220624 11:38:05.140"/>
</kw>
<kw name="Click Element" library="SeleniumLibrary">
<arg>${CLICK_ON_BEHANCE_ELLIPSIES}</arg>
<doc>Click the element identified by ``locator``.</doc>
<msg timestamp="20220624 11:38:05.140" level="INFO">Clicking element '(//button[@class='MuiButtonBase-root MuiIconButton-root MuiIconButton-sizeMedium css-1yxmbwk'])[3]'.</msg>
<status status="PASS" starttime="20220624 11:38:05.140" endtime="20220624 11:38:05.246"/>
</kw>
<kw name="Sleep" library="BuiltIn">
<arg>2</arg>
<doc>Pauses the test executed for the given time.</doc>
<msg timestamp="20220624 11:38:07.254" level="INFO">Slept 2 seconds</msg>
<status status="PASS" starttime="20220624 11:38:05.247" endtime="20220624 11:38:07.254"/>
</kw>
<kw name="Execute Javascript" library="SeleniumLibrary">
<arg>history.back()</arg>
<doc>Executes the given JavaScript code with possible arguments.</doc>
<msg timestamp="20220624 11:38:07.254" level="INFO">Executing JavaScript:
history.back()
Without any arguments.</msg>
<status status="PASS" starttime="20220624 11:38:07.254" endtime="20220624 11:38:07.331"/>
</kw>
<kw name="Sleep" library="BuiltIn">
<arg>2</arg>
<doc>Pauses the test executed for the given time.</doc>
<msg timestamp="20220624 11:38:09.343" level="INFO">Slept 2 seconds</msg>
<status status="PASS" starttime="20220624 11:38:07.331" endtime="20220624 11:38:09.343"/>
</kw>
<kw name="Click Element" library="SeleniumLibrary">
<arg>${CLICK_ON_PROFILE_ICON}</arg>
<doc>Click the element identified by ``locator``.</doc>
<msg timestamp="20220624 11:38:09.343" level="INFO">Clicking element '//img[@class='h-9 w-9 rounded-full']'.</msg>
<status status="PASS" starttime="20220624 11:38:09.343" endtime="20220624 11:38:09.407"/>
</kw>
<kw name="Sleep" library="BuiltIn">
<arg>2</arg>
<doc>Pauses the test executed for the given time.</doc>
<msg timestamp="20220624 11:38:11.419" level="INFO">Slept 2 seconds</msg>
<status status="PASS" starttime="20220624 11:38:09.407" endtime="20220624 11:38:11.419"/>
</kw>
<kw name="Click Element" library="SeleniumLibrary">
<arg>${CLICK_ON_EXPEND}</arg>
<doc>Click the element identified by ``locator``.</doc>
<msg timestamp="20220624 11:38:11.419" level="INFO">Clicking element '//span[contains(text(),' Expand ')]'.</msg>
<status status="PASS" starttime="20220624 11:38:11.419" endtime="20220624 11:38:11.567"/>
</kw>
<kw name="Execute Javascript" library="SeleniumLibrary">
<arg>window.scrollTo(0, 900)</arg>
<doc>Executes the given JavaScript code with possible arguments.</doc>
<msg timestamp="20220624 11:38:11.570" level="INFO">Executing JavaScript:
window.scrollTo(0, 900)
Without any arguments.</msg>
<status status="PASS" starttime="20220624 11:38:11.567" endtime="20220624 11:38:11.576"/>
</kw>
<kw name="Sleep" library="BuiltIn">
<arg>3</arg>
<doc>Pauses the test executed for the given time.</doc>
<msg timestamp="20220624 11:38:14.576" level="INFO">Slept 3 seconds</msg>
<status status="PASS" starttime="20220624 11:38:11.576" endtime="20220624 11:38:14.576"/>
</kw>
<kw name="Click Element" library="SeleniumLibrary">
<arg>${CLICK_ON_MOTIVATIONAL_ELLIPSIES}</arg>
<doc>Click the element identified by ``locator``.</doc>
<msg timestamp="20220624 11:38:14.576" level="INFO">Clicking element '(//button[@class='MuiButtonBase-root MuiIconButton-root MuiIconButton-sizeMedium css-1yxmbwk'])[5]'.</msg>
<status status="PASS" starttime="20220624 11:38:14.576" endtime="20220624 11:38:14.651"/>
</kw>
<kw name="Sleep" library="BuiltIn">
<arg>2</arg>
<doc>Pauses the test executed for the given time.</doc>
<msg timestamp="20220624 11:38:16.653" level="INFO">Slept 2 seconds</msg>
<status status="PASS" starttime="20220624 11:38:14.651" endtime="20220624 11:38:16.653"/>
</kw>
<kw name="Execute Javascript" library="SeleniumLibrary">
<arg>history.back()</arg>
<doc>Executes the given JavaScript code with possible arguments.</doc>
<msg timestamp="20220624 11:38:16.653" level="INFO">Executing JavaScript:
history.back()
Without any arguments.</msg>
<status status="PASS" starttime="20220624 11:38:16.653" endtime="20220624 11:38:16.703"/>
</kw>
<kw name="Sleep" library="BuiltIn">
<arg>2</arg>
<doc>Pauses the test executed for the given time.</doc>
<msg timestamp="20220624 11:38:18.709" level="INFO">Slept 2 seconds</msg>
<status status="PASS" starttime="20220624 11:38:16.704" endtime="20220624 11:38:18.709"/>
</kw>
<kw name="Click Element" library="SeleniumLibrary">
<arg>${CLICK_ON_PROFILE_ICON}</arg>
<doc>Click the element identified by ``locator``.</doc>
<msg timestamp="20220624 11:38:18.709" level="INFO">Clicking element '//img[@class='h-9 w-9 rounded-full']'.</msg>
<status status="PASS" starttime="20220624 11:38:18.709" endtime="20220624 11:38:18.773"/>
</kw>
<kw name="Sleep" library="BuiltIn">
<arg>3</arg>
<doc>Pauses the test executed for the given time.</doc>
<msg timestamp="20220624 11:38:21.780" level="INFO">Slept 3 seconds</msg>
<status status="PASS" starttime="20220624 11:38:18.774" endtime="20220624 11:38:21.780"/>
</kw>
<kw name="Click Element" library="SeleniumLibrary">
<arg>${CLICK_ON_EXPEND}</arg>
<doc>Click the element identified by ``locator``.</doc>
<msg timestamp="20220624 11:38:21.780" level="INFO">Clicking element '//span[contains(text(),' Expand ')]'.</msg>
<status status="PASS" starttime="20220624 11:38:21.780" endtime="20220624 11:38:21.962"/>
</kw>
<kw name="Execute Javascript" library="SeleniumLibrary">
<arg>window.scrollTo(0, 900)</arg>
<doc>Executes the given JavaScript code with possible arguments.</doc>
<msg timestamp="20220624 11:38:21.963" level="INFO">Executing JavaScript:
window.scrollTo(0, 900)
Without any arguments.</msg>
<status status="PASS" starttime="20220624 11:38:21.962" endtime="20220624 11:38:21.975"/>
</kw>
<kw name="Sleep" library="BuiltIn">
<arg>2</arg>
<doc>Pauses the test executed for the given time.</doc>
<msg timestamp="20220624 11:38:23.988" level="INFO">Slept 2 seconds</msg>
<status status="PASS" starttime="20220624 11:38:21.975" endtime="20220624 11:38:23.988"/>
</kw>
<kw name="Click Element" library="SeleniumLibrary">
<arg>${CLICK_ON_DREAM_ELLIPSIES}</arg>
<doc>Click the element identified by ``locator``.</doc>
<msg timestamp="20220624 11:38:23.988" level="INFO">Clicking element '(//button[@class='MuiButtonBase-root MuiIconButton-root MuiIconButton-sizeMedium css-1yxmbwk'])[7]'.</msg>
<status status="PASS" starttime="20220624 11:38:23.988" endtime="20220624 11:38:24.100"/>
</kw>
<status status="PASS" starttime="20220624 11:37:54.863" endtime="20220624 11:38:24.101"/>
</kw>
<status status="PASS" starttime="20220624 11:36:35.850" endtime="20220624 11:38:24.103"/>
</test>
<status status="PASS" starttime="20220624 11:36:35.506" endtime="20220624 11:38:24.105"/>
</suite>
<statistics>
<total>
<stat pass="1" fail="0" skip="0">All Tests</stat>
</total>
<tag>
</tag>
<suite>
<stat pass="1" fail="0" skip="0" id="s1" name="CreatePostTest">CreatePostTest</stat>
</suite>
</statistics>
<errors>
</errors>
</robot>
